This is pdfTeX, Version 3.14159265-2.6-1.40.18 (TeX Live 2017) (preloaded format=pdftex 2017.6.14)  18 JUN 2017 05:15
entering extended mode
 restricted \write18 enabled.
 file:line:error style messages enabled.
 %&-line parsing enabled.
**reference.bib
(./reference.bib
Missing character: There is no Â in font cmr10!
Missing character: There is no º in font cmr10!
Missing character: There is no † in font cmr10!
Missing character: There is no Á in font cmr10!
Missing character: There is no ë in font cmr10!
Missing character: There is no û in font cmr10!
Missing character: There is no Á in font cmr10!
Missing character: There is no ö in font cmr10!
Missing character: There is no ä in font cmr10!
Missing character: There is no Â in font cmr10!
Missing character: There is no Ö in font cmr10!
Missing character: There is no ≥ in font cmr10!
Missing character: There is no ‰ in font cmr10!
Missing character: There is no ∫ in font cmr10!
Missing character: There is no é in font cmr10!
Missing character: There is no Ê in font cmr10!
Missing character: There is no ≥ in font cmr10!
Missing character: There is no ¢ in font cmr10!
Missing character: There is no Â in font cmr10!
Missing character: There is no Ø in font cmr10!
Missing character: There is no º in font cmr10!
Missing character: There is no Á in font cmr10!
Missing character: There is no Æ in font cmr10!
Missing character: There is no ° in font cmr10!
Missing character: There is no Â in font cmr10!
Missing character: There is no Ü in font cmr10!
Missing character: There is no Ö in font cmr10!
Missing character: There is no ‰ in font cmr10!
Missing character: There is no ∏ in font cmr10!
Missing character: There is no ç in font cmr10!
Missing character: There is no Ë in font cmr10!
Missing character: There is no É in font cmr10!
Missing character: There is no Ω in font cmr10!
Missing character: There is no ‰ in font cmr10!
Missing character: There is no º in font cmr10!
Missing character: There is no † in font cmr10!
Missing character: There is no Ê in font cmr10!
Missing character: There is no í in font cmr10!
Missing character: There is no ≠ in font cmr10!
Missing character: There is no Â in font cmr10!
Missing character: There is no Ö in font cmr10!
Missing character: There is no ≥ in font cmr10!
Missing character: There is no ‰ in font cmr10!
Missing character: There is no ∫ in font cmr10!
Missing character: There is no é in font cmr10!
Missing character: There is no Ê in font cmr10!
Missing character: There is no ≥ in font cmr10!
Missing character: There is no ¢ in font cmr10!
Missing character: There is no Â in font cmr10!
Missing character: There is no Ø in font cmr10!
Missing character: There is no º in font cmr10!
Missing character: There is no Á in font cmr10!
Missing character: There is no Æ in font cmr10!
Missing character: There is no ° in font cmr10!
Missing character: There is no Â in font cmr10!
Missing character: There is no Ü in font cmr10!
Missing character: There is no Ö in font cmr10!
Missing character: There is no ‰ in font cmr10!
Missing character: There is no ∏ in font cmr10!
Missing character: There is no ç in font cmr10!
Missing character: There is no Ë in font cmr10!
Missing character: There is no É in font cmr10!
Missing character: There is no Ω in font cmr10!
Missing character: There is no ‰ in font cmr10!
Missing character: There is no º in font cmr10!
Missing character: There is no † in font cmr10!
Missing character: There is no Ê in font cmr10!
Missing character: There is no í in font cmr10!
Missing character: There is no ≠ in font cmr10!
Missing character: There is no Ê in font cmr10!
Missing character: There is no ≥ in font cmr10!
Missing character: There is no ¢ in font cmr10!
Missing character: There is no Á in font cmr10!
Missing character: There is no ö in font cmr10!
Missing character: There is no Ñ in font cmr10!
Missing character: There is no Á in font cmr10!
Missing character: There is no Æ in font cmr10!
Missing character: There is no Ä in font cmr10!
Missing character: There is no Â in font cmr10!
Missing character: There is no ç in font cmr10!
Missing character: There is no ï in font cmr10!
Missing character: There is no Ë in font cmr10!
Missing character: There is no Ø in font cmr10!
Missing character: There is no Å in font cmr10!
Missing character: There is no Ê in font cmr10!
Missing character: There is no ò in font cmr10!
Missing character: There is no é in font cmr10!
Missing character: There is no Â in font cmr10!
Missing character: There is no í in font cmr10!
Missing character: There is no å in font cmr10!
Missing character: There is no Â in font cmr10!
Missing character: There is no î in font cmr10!
Missing character: There is no Ø in font cmr10!
Missing character: There is no Ë in font cmr10!
Missing character: There is no ± in font cmr10!
Missing character: There is no ° in font cmr10!
Missing character: There is no Ë in font cmr10!
Missing character: There is no ß in font cmr10!
Missing character: There is no £ in font cmr10!
Missing character: There is no È in font cmr10!
Missing character: There is no á in font cmr10!
Missing character: There is no ä in font cmr10!
Missing character: There is no Â in font cmr10!
Missing character: There is no º in font cmr10!
Missing character: There is no † in font cmr10!
Missing character: There is no Á in font cmr10!
Missing character: There is no ë in font cmr10!
Missing character: There is no û in font cmr10!
Missing character: There is no Á in font cmr10!
Missing character: There is no ö in font cmr10!
Missing character: There is no ä in font cmr10!
Missing character: There is no Ê in font cmr10!
Missing character: There is no ± in font cmr10!
Missing character: There is no ü in font cmr10!
Missing character: There is no Ë in font cmr10!
Missing character: There is no ã in font cmr10!
Missing character: There is no è in font cmr10!
Missing character: There is no Â in font cmr10!
Missing character: There is no ∏ in font cmr10!
Missing character: There is no à in font cmr10!
Missing character: There is no Ë in font cmr10!
Missing character: There is no å in font cmr10!
Missing character: There is no É in font cmr10!
Missing character: There is no Â in font cmr10!
Missing character: There is no § in font cmr10!
Missing character: There is no ß in font cmr10!
Missing character: There is no Â in font cmr10!
Missing character: There is no ≠ in font cmr10!
Missing character: There is no ¶ in font cmr10!
Missing character: There is no Â in font cmr10!
Missing character: There is no ≠ in font cmr10!
Missing character: There is no ¶ in font cmr10!
Missing character: There is no Ê in font cmr10!
Missing character: There is no ä in font cmr10!
Missing character: There is no • in font cmr10!
Missing character: There is no Ë in font cmr10!
Missing character: There is no á in font cmr10!
Missing character: There is no ™ in font cmr10!
Missing character: There is no Á in font cmr10!
Missing character: There is no Ñ in font cmr10!
Missing character: There is no ∂ in font cmr10!
Missing character: There is no Á in font cmr10!
Missing character: There is no ß in font cmr10!
Missing character: There is no ë in font cmr10!
Missing character: There is no Â in font cmr10!
Missing character: There is no ≠ in font cmr10!
Missing character: There is no ¶ in font cmr10!
Missing character: There is no Á in font cmr10!
Missing character: There is no â in font cmr10!
Missing character: There is no à in font cmr10!
)
! Emergency stop.
<*> reference.bib
                 
*** (job aborted, no legal \end found)

!  ==> Fatal error occurred, no output PDF file produced!
